 photo_rate_demo: Opened and read config file ../../photo.config.json
  
 Photo kinetics constructor: key = CH3CHO+hv->CH3+HCO
 cross section builder: entering
 base cross_section constructor: entering
 cross_section; addpnts: entering
 cross_section; addpnts: exiting
 base cross_section constructor: exiting
 cross section builder: exiting
 quantum yield builder: entering
 ch3cho+hv->ch3_hco quantum yield constructor: entering
 quantum_yield; addpnts: entering
 quantum_yield; addpnts: exiting
 quantum_yield; addpnts: entering
 quantum_yield; addpnts: exiting
   261.44897460937500       0.29820700819393914     
   264.91247558593750       0.34929992094339468     
   268.46850585937500       0.37785918637683413     
   272.12149047851562       0.43030830428087941     
   275.87548828125000       0.50163455155479819     
   279.73400878906250       0.56618505332891356     
   283.70199584960938       0.56148999964952973     
   287.78448486328125       0.54107747342050061     
   291.98651123046875       0.51012253813894937     
   296.30902099609375       0.46690993657948637     
   300.50000000000000       0.42343750577419997     
   303.00000000000000       0.39400000572204591     
   304.00000000000000       0.38200000524520872     
   305.00000000000000       0.36950000450015069     
   306.00000000000000       0.35400000214576721     
   307.00000000000000       0.33799999952316284     
   308.00000000000000       0.32199999690055847     
   309.00000000000000       0.30599999427795410     
   310.00000000000000       0.28899999223649503     
   311.00000000000000       0.26599999368190763     
   312.00000000000000       0.24199999570846559     
   313.00000000000000       0.21799999773502349     
   314.00000000000000       0.19399999976158142     
   316.00000000000000       0.15641666830827791     
   320.00000000000000       0.10125000122934580     
   325.00000000000000        4.2499999515712261E-002
   330.00000000000000        4.9999998882412910E-003
  
   261.44897460937500       0.40329922673091623     
   264.91247558593750       0.38631264274567911     
   268.46850585937500       0.33286137098581020     
   272.12149047851562       0.25484124959504018     
   275.87548828125000       0.15723690938010010     
   279.73400878906250        6.4946777595995278E-002
   283.70199584960938        3.5192016988054318E-002
   287.78448486328125        1.8861999502789217E-002
   291.98651123046875        6.0319086295814381E-003
   296.30902099609375        1.7752299829764615E-004
 ch3cho+hv->ch3_hco quantum yield constructor: there are           27  non-zero elements in col #1
 ch3cho+hv->ch3_hco quantum yield constructor: there are           10  non-zero elements in col #2
 ch3cho+hv->ch3_hco quantum yield constructor: exiting
 quantum yield builder: exiting
  
 Photo kinetics constructor: key = CH3CHO+hv->CH4+CO
 cross section builder: entering
 base cross_section constructor: entering
 cross_section; addpnts: entering
 cross_section; addpnts: exiting
 base cross_section constructor: exiting
 cross section builder: exiting
 quantum yield builder: entering
 ch3cho+hv->ch4_co quantum yield constructor: entering
 quantum_yield; addpnts: entering
 quantum_yield; addpnts: exiting
 ch3cho+hv->ch4_co quantum yield constructor: exiting
 quantum yield builder: exiting
  
 Photo kinetics constructor: key = CH3OOH+hv->CH3O+OH
 cross section builder: entering
 base cross_section constructor: entering
 cross_section; addpnts: entering
 cross_section; addpnts: exiting
 base cross_section constructor: exiting
 cross section builder: exiting
 quantum yield builder: entering
 base quantum yield constructor: entering
 base quantum yield constructor: exiting
 quantum yield builder: exiting
  
 Photo kinetics constructor: key = BrONO2+hv->BrO+NO2
 cross section builder: entering
 base cross_section constructor: entering
 cross_section; addpnts: entering
 cross_section; addpnts: exiting
 base cross_section constructor: exiting
 cross section builder: exiting
 quantum yield builder: entering
 base quantum yield constructor: entering
 base quantum yield constructor: exiting
 quantum yield builder: exiting
  
 Photo kinetics constructor: key = BrONO2+hv->Br+NO3
 cross section builder: entering
 base cross_section constructor: entering
 cross_section; addpnts: entering
 cross_section; addpnts: exiting
 base cross_section constructor: exiting
 cross section builder: exiting
 quantum yield builder: entering
 base quantum yield constructor: entering
 base quantum yield constructor: exiting
 quantum yield builder: exiting
  
Photo kinetics constructor: There are   5 photo reactions
  
Photo kinetics constructor: There are   5 photo reactions
 update_for_new_environmental_state: entering
 base cross section calculate: entering
 base cross section calculate: exiting
 base cross section calculate: entering
 base cross section calculate: exiting
 base cross section calculate: entering
 base cross section calculate: exiting
 base cross section calculate: entering
 base cross section calculate: exiting
 base cross section calculate: entering
 base cross section calculate: exiting
 update_for_new_environmental_state: size of cross section values =          156           5
 ch3cho+hv->ch3_hco quantum yield calculate: entering
 ch3cho+hv->ch3_hco quantum yield calculate: exiting
 ch3cho+hv->ch4_co quantum yield calculate: entering
 ch3cho+hv->ch4_co quantum yield calculate: exiting
 base quantum yield calculate: entering
 base quantum yield calculate: exiting
 base quantum yield calculate: entering
 base quantum yield calculate: exiting
 base quantum yield calculate: entering
 base quantum yield calculate: exiting
 update_for_new_environmental_state: size of quantum_yield values =          156           5
 update_for_new_environmental_state: exiting
  
  
 photo_rate_demo: cross section values for photorate            1
          35   201.00000000000000        2.8280000872734690E-025
          36   203.05000305175781        5.5212498821688879E-022
          37   204.95001220703125        5.3787496558946648E-022
          38   207.06649780273438        5.1931527508076065E-022
          39   209.42950439453125        4.9617813295478142E-022
          40   211.64599609375000        4.8588498486743947E-022
          41   213.91000366210938        4.8325963268103733E-022
          42   216.22250366210938        5.0222504443638624E-022
          43   218.58551025390625        5.4077531820399573E-022
          44   221.00100708007812        6.1798655826658497E-022
          45   223.47048950195312        7.6396351567012750E-022
          46   225.99600219726562        9.7872461052006301E-022
          47   228.57899475097656        1.3146117366449060E-021
          48   231.22149658203125        1.7850531517172360E-021
          49   233.92599487304688        2.4270108448593781E-021
          50   236.69450378417969        3.3131823565278589E-021
          51   239.52951049804688        4.7594718878406176E-021
          52   242.43299865722656        6.6511529244156654E-021
          53   245.40798950195312        8.5185596660056933E-021
          54   248.45700073242188        1.0669752808121302E-020
          55   251.58248901367188        1.3342934117495132E-020
          56   254.78750610351562        1.6624424168386392E-020
          57   258.07501220703125        2.0340787235517390E-020
          58   261.44897460937500        2.4014614964470973E-020
          59   264.91247558593750        2.8895589799412608E-020
          60   268.46850585937500        3.2583138463706619E-020
          61   272.12149047851562        3.7247423677799812E-020
          62   275.87548828125000        4.0862525620088851E-020
          63   279.73400878906250        4.4290506956303037E-020
          64   283.70199584960938        4.5864353351479526E-020
          65   287.78448486328125        4.6329065861076094E-020
          66   291.98651123046875        4.6250678987470447E-020
          67   296.30902099609375        4.3149287953136942E-020
          68   300.50000000000000        4.0618750527501108E-020
          69   303.00000000000000        3.6912500262260438E-020
          70   304.00000000000000        3.4862500429153443E-020
          71   305.00000000000000        3.4312500655651091E-020
          72   306.00000000000000        3.4062500596046446E-020
          73   307.00000000000000        3.3599999248981472E-020
          74   308.00000000000000        3.2912499308586116E-020
          75   309.00000000000000        3.1112499237060545E-020
          76   310.00000000000000        2.9200000464916227E-020
          77   311.00000000000000        2.7275000214576717E-020
          78   312.00000000000000        2.5399999916553495E-020
          79   313.00000000000000        2.4650000333786012E-020
          80   314.00000000000000        2.3687500953674314E-020
          81   316.00000000000000        2.1199999749660490E-020
          82   320.00000000000000        1.6747500211000441E-020
          83   325.00000000000000        1.0690249979496001E-020
          84   330.00000000000000        6.4262499436736114E-021
          85   335.00000000000000        3.1152499616146088E-021
          86   340.00000000000000        1.3209750042296944E-021
          87   345.00000000000000        2.2902499814517793E-022
          88   350.00000000000000        2.0380749902687970E-022
          89   355.00000000000000        4.7089999949093912E-023
          90   360.00000000000000        1.5252399823162721E-023
  
 photo_rate_demo: cross section values for photorate            2
          35   201.00000000000000        2.8280000872734690E-025
          36   203.05000305175781        5.5212498821688879E-022
          37   204.95001220703125        5.3787496558946648E-022
          38   207.06649780273438        5.1931527508076065E-022
          39   209.42950439453125        4.9617813295478142E-022
          40   211.64599609375000        4.8588498486743947E-022
          41   213.91000366210938        4.8325963268103733E-022
          42   216.22250366210938        5.0222504443638624E-022
          43   218.58551025390625        5.4077531820399573E-022
          44   221.00100708007812        6.1798655826658497E-022
          45   223.47048950195312        7.6396351567012750E-022
          46   225.99600219726562        9.7872461052006301E-022
          47   228.57899475097656        1.3146117366449060E-021
          48   231.22149658203125        1.7850531517172360E-021
          49   233.92599487304688        2.4270108448593781E-021
          50   236.69450378417969        3.3131823565278589E-021
          51   239.52951049804688        4.7594718878406176E-021
          52   242.43299865722656        6.6511529244156654E-021
          53   245.40798950195312        8.5185596660056933E-021
          54   248.45700073242188        1.0669752808121302E-020
          55   251.58248901367188        1.3342934117495132E-020
          56   254.78750610351562        1.6624424168386392E-020
          57   258.07501220703125        2.0340787235517390E-020
          58   261.44897460937500        2.4014614964470973E-020
          59   264.91247558593750        2.8895589799412608E-020
          60   268.46850585937500        3.2583138463706619E-020
          61   272.12149047851562        3.7247423677799812E-020
          62   275.87548828125000        4.0862525620088851E-020
          63   279.73400878906250        4.4290506956303037E-020
          64   283.70199584960938        4.5864353351479526E-020
          65   287.78448486328125        4.6329065861076094E-020
          66   291.98651123046875        4.6250678987470447E-020
          67   296.30902099609375        4.3149287953136942E-020
          68   300.50000000000000        4.0618750527501108E-020
          69   303.00000000000000        3.6912500262260438E-020
          70   304.00000000000000        3.4862500429153443E-020
          71   305.00000000000000        3.4312500655651091E-020
          72   306.00000000000000        3.4062500596046446E-020
          73   307.00000000000000        3.3599999248981472E-020
          74   308.00000000000000        3.2912499308586116E-020
          75   309.00000000000000        3.1112499237060545E-020
          76   310.00000000000000        2.9200000464916227E-020
          77   311.00000000000000        2.7275000214576717E-020
          78   312.00000000000000        2.5399999916553495E-020
          79   313.00000000000000        2.4650000333786012E-020
          80   314.00000000000000        2.3687500953674314E-020
          81   316.00000000000000        2.1199999749660490E-020
          82   320.00000000000000        1.6747500211000441E-020
          83   325.00000000000000        1.0690249979496001E-020
          84   330.00000000000000        6.4262499436736114E-021
          85   335.00000000000000        3.1152499616146088E-021
          86   340.00000000000000        1.3209750042296944E-021
          87   345.00000000000000        2.2902499814517793E-022
          88   350.00000000000000        2.0380749902687970E-022
          89   355.00000000000000        4.7089999949093912E-023
          90   360.00000000000000        1.5252399823162721E-023
  
 photo_rate_demo: cross section values for photorate            3
          39   209.42950439453125        7.3684229082978204E-020
          40   211.64599609375000        2.7809232716521368E-019
          41   213.91000366210938        2.3146004093325018E-019
          42   216.22250366210938        1.9555245590209957E-019
          43   218.58551025390625        1.6955946731567380E-019
          44   221.00100708007812        1.4763918615295678E-019
          45   223.47048950195312        1.3178881586856733E-019
          46   225.99600219726562        1.1687983535673324E-019
          47   228.57899475097656        1.0353238572372355E-019
          48   231.22149658203125        9.1292403613376180E-020
          49   233.92599487304688        8.0431687757995440E-020
          50   236.69450378417969        7.0813149722423981E-020
          51   239.52951049804688        6.2094278555347856E-020
          52   242.43299865722656        5.4806784678192340E-020
          53   245.40798950195312        4.8173679401029716E-020
          54   248.45700073242188        4.2577399166679239E-020
          55   251.58248901367188        3.7426255226135247E-020
          56   254.78750610351562        3.2667765781843299E-020
          57   258.07501220703125        2.8179503810883035E-020
          58   261.44897460937500        2.4300259819124315E-020
          59   264.91247558593750        2.1210434312069081E-020
          60   268.46850585937500        1.8257860863668785E-020
          61   272.12149047851562        1.5684676117140040E-020
          62   275.87548828125000        1.3377469828737519E-020
          63   279.73400878906250        1.1112891629570148E-020
          64   283.70199584960938        9.2262615001687569E-021
          65   287.78448486328125        7.6721317652754808E-021
          66   291.98651123046875        6.3539345589375334E-021
          67   296.30902099609375        5.1490694184398529E-021
          68   300.50000000000000        4.0513748917728659E-021
          69   303.00000000000000        3.5299999117851253E-021
          70   304.00000000000000        3.3299999237060544E-021
          71   305.00000000000000        3.1364999338984486E-021
          72   306.00000000000000        2.9819999337196347E-021
          73   307.00000000000000        2.8339999318122863E-021
          74   308.00000000000000        2.6859999299049374E-021
          75   309.00000000000000        2.5379999279975890E-021
          76   310.00000000000000        2.3942499272525307E-021
          77   311.00000000000000        2.2759999334812163E-021
          78   312.00000000000000        2.1619999408721921E-021
          79   313.00000000000000        2.0479999482631682E-021
          80   314.00000000000000        1.9339999556541440E-021
          81   316.00000000000000        1.7309999590118730E-021
          82   320.00000000000000        1.3862499501556158E-021
          83   325.00000000000000        1.0574999731034041E-021
          84   330.00000000000000        8.0000002402812236E-022
          85   335.00000000000000        6.1500000767409806E-022
          86   340.00000000000000        4.7249998897314067E-022
          87   345.00000000000000        3.5499999998137344E-022
          88   350.00000000000000        2.7250000508502126E-022
          89   355.00000000000000        2.1124999970197677E-022
          90   360.00000000000000        1.6125000547617672E-022
          91   365.00000000000000        1.1937500152271242E-022
          92   370.00000000000000        7.7749998890794816E-023
          93   375.00000000000000        5.3375000134110439E-023
          94   380.00000000000000        3.9625001372769473E-023
          95   385.00000000000000        2.5499999755993484E-023
          96   390.00000000000000        1.4874999615130943E-023
          97   395.00000000000000        1.0000000329455360E-023
          98   400.00000000000000        6.1250002909218881E-024
          99   405.00000000000000        1.8762150891154325E-024
  
 photo_rate_demo: cross section values for photorate            4
          34   199.00000000000000        3.3999999999679175E-021
          35   201.00000000000000        6.4799999999999994E-018
          36   203.05000305175781        5.8239990234374994E-018
          37   204.95001220703125        5.2163750092925620E-018
          38   207.06649780273438        4.5428536987304689E-018
          39   209.42950439453125        3.8029008826704907E-018
          40   211.64599609375000        3.3861434936523433E-018
          41   213.91000366210938        3.0782815610797013E-018
          42   216.22250366210938        2.8444247436523436E-018
          43   218.58551025390625        2.6790148162841796E-018
          44   221.00100708007812        2.5261045898940344E-018
          45   223.47048950195312        2.3925931549072264E-018
          46   225.99600219726562        2.2582392003511197E-018
          47   228.57899475097656        2.1238922729492185E-018
          48   231.22149658203125        1.9742424714671460E-018
          49   233.92599487304688        1.8064614713259787E-018
          50   236.69450378417969        1.6213847351074218E-018
          51   239.52951049804688        1.4235826232727235E-018
          52   242.43299865722656        1.2294220886230467E-018
          53   245.40798950195312        1.0409779137432075E-018
          54   248.45700073242188        8.7677896118164059E-019
          55   251.58248901367188        7.3359912541962675E-019
          56   254.78750610351562        6.1316611345129881E-019
          57   258.07501220703125        5.2105006408691387E-019
          58   261.44897460937500        4.4733149966864168E-019
          59   264.91247558593750        3.9289012460932973E-019
          60   268.46850585937500        3.5365781203565611E-019
          61   272.12149047851562        3.2399815844953993E-019
          62   275.87548828125000        3.0064141934077104E-019
          63   279.73400878906250        2.8060217893786760E-019
          64   283.70199584960938        2.6195815233059115E-019
          65   287.78448486328125        2.4263440535316479E-019
          66   291.98651123046875        2.2206695835268130E-019
          67   296.30902099609375        2.0101408263901075E-019
          68   300.50000000000000        1.8185624861717221E-019
          69   303.00000000000000        1.7080000305175780E-019
          70   304.00000000000000        1.6640000534057616E-019
          71   305.00000000000000        1.6205000710487366E-019
          72   306.00000000000000        1.5800000572204588E-019
          73   307.00000000000000        1.5400000381469725E-019
          74   308.00000000000000        1.5000000190734862E-019
          75   309.00000000000000        1.4599999999999998E-019
          76   310.00000000000000        1.4204999828338621E-019
          77   311.00000000000000        1.3839999771118164E-019
          78   312.00000000000000        1.3479999732971190E-019
          79   313.00000000000000        1.3119999694824216E-019
          80   314.00000000000000        1.2759999656677247E-019
          81   316.00000000000000        1.2123333032925923E-019
          82   320.00000000000000        1.1027499914169312E-019
          83   325.00000000000000        9.8574997186660770E-020
          84   330.00000000000000        8.9599996805191034E-020
          85   335.00000000000000        8.2375001311302182E-020
          86   340.00000000000000        7.6537499427795405E-020
          87   345.00000000000000        7.1650000214576710E-020
          88   350.00000000000000        6.6674998998641950E-020
          89   355.00000000000000        6.2012500166892988E-020
          90   360.00000000000000        5.6900000572204583E-020
          91   365.00000000000000        5.1712500452995293E-020
          92   370.00000000000000        4.6612498760223381E-020
          93   375.00000000000000        4.1637498736381527E-020
          94   380.00000000000000        3.6912500262260432E-020
          95   385.00000000000000        3.2437500357627869E-020
          96   390.00000000000000        2.8800000846385958E-020
          97   395.00000000000000        2.5387499928474426E-020
          98   400.00000000000000        2.2524999976158138E-020
          99   405.00000000000000        1.9999999999999999E-020
         100   410.00000000000000        1.8137499541044235E-020
         101   415.00000000000000        1.6587499678134916E-020
         102   420.00000000000000        1.5049999952316283E-020
         103   425.00000000000000        1.3849999904632568E-020
         104   430.00000000000000        1.2974999696016310E-020
         105   435.00000000000000        1.2012500315904616E-020
         106   440.00000000000000        1.1125000119209289E-020
         107   445.00000000000000        1.0349999740719793E-020
         108   450.00000000000000        9.3174999952316279E-021
         109   455.00000000000000        8.3462499082088472E-021
         110   460.00000000000000        7.4299997836351387E-021
         111   465.00000000000000        6.5262500196695336E-021
         112   470.00000000000000        5.6362498924136156E-021
         113   475.00000000000000        4.6524999290704714E-021
         114   480.00000000000000        3.8449998944997788E-021
         115   485.00000000000000        2.8537500277161596E-021
         116   490.00000000000000        2.4337500147521494E-021
         117   495.00000000000000        2.0775000192224978E-021
         118   500.00000000000000        7.7442502208054750E-022
  
 photo_rate_demo: cross section values for photorate            5
          34   199.00000000000000        3.3999999999679175E-021
          35   201.00000000000000        6.4799999999999994E-018
          36   203.05000305175781        5.8239990234374994E-018
          37   204.95001220703125        5.2163750092925620E-018
          38   207.06649780273438        4.5428536987304689E-018
          39   209.42950439453125        3.8029008826704907E-018
          40   211.64599609375000        3.3861434936523433E-018
          41   213.91000366210938        3.0782815610797013E-018
          42   216.22250366210938        2.8444247436523436E-018
          43   218.58551025390625        2.6790148162841796E-018
          44   221.00100708007812        2.5261045898940344E-018
          45   223.47048950195312        2.3925931549072264E-018
          46   225.99600219726562        2.2582392003511197E-018
          47   228.57899475097656        2.1238922729492185E-018
          48   231.22149658203125        1.9742424714671460E-018
          49   233.92599487304688        1.8064614713259787E-018
          50   236.69450378417969        1.6213847351074218E-018
          51   239.52951049804688        1.4235826232727235E-018
          52   242.43299865722656        1.2294220886230467E-018
          53   245.40798950195312        1.0409779137432075E-018
          54   248.45700073242188        8.7677896118164059E-019
          55   251.58248901367188        7.3359912541962675E-019
          56   254.78750610351562        6.1316611345129881E-019
          57   258.07501220703125        5.2105006408691387E-019
          58   261.44897460937500        4.4733149966864168E-019
          59   264.91247558593750        3.9289012460932973E-019
          60   268.46850585937500        3.5365781203565611E-019
          61   272.12149047851562        3.2399815844953993E-019
          62   275.87548828125000        3.0064141934077104E-019
          63   279.73400878906250        2.8060217893786760E-019
          64   283.70199584960938        2.6195815233059115E-019
          65   287.78448486328125        2.4263440535316479E-019
          66   291.98651123046875        2.2206695835268130E-019
          67   296.30902099609375        2.0101408263901075E-019
          68   300.50000000000000        1.8185624861717221E-019
          69   303.00000000000000        1.7080000305175780E-019
          70   304.00000000000000        1.6640000534057616E-019
          71   305.00000000000000        1.6205000710487366E-019
          72   306.00000000000000        1.5800000572204588E-019
          73   307.00000000000000        1.5400000381469725E-019
          74   308.00000000000000        1.5000000190734862E-019
          75   309.00000000000000        1.4599999999999998E-019
          76   310.00000000000000        1.4204999828338621E-019
          77   311.00000000000000        1.3839999771118164E-019
          78   312.00000000000000        1.3479999732971190E-019
          79   313.00000000000000        1.3119999694824216E-019
          80   314.00000000000000        1.2759999656677247E-019
          81   316.00000000000000        1.2123333032925923E-019
          82   320.00000000000000        1.1027499914169312E-019
          83   325.00000000000000        9.8574997186660770E-020
          84   330.00000000000000        8.9599996805191034E-020
          85   335.00000000000000        8.2375001311302182E-020
          86   340.00000000000000        7.6537499427795405E-020
          87   345.00000000000000        7.1650000214576710E-020
          88   350.00000000000000        6.6674998998641950E-020
          89   355.00000000000000        6.2012500166892988E-020
          90   360.00000000000000        5.6900000572204583E-020
          91   365.00000000000000        5.1712500452995293E-020
          92   370.00000000000000        4.6612498760223381E-020
          93   375.00000000000000        4.1637498736381527E-020
          94   380.00000000000000        3.6912500262260432E-020
          95   385.00000000000000        3.2437500357627869E-020
          96   390.00000000000000        2.8800000846385958E-020
          97   395.00000000000000        2.5387499928474426E-020
          98   400.00000000000000        2.2524999976158138E-020
          99   405.00000000000000        1.9999999999999999E-020
         100   410.00000000000000        1.8137499541044235E-020
         101   415.00000000000000        1.6587499678134916E-020
         102   420.00000000000000        1.5049999952316283E-020
         103   425.00000000000000        1.3849999904632568E-020
         104   430.00000000000000        1.2974999696016310E-020
         105   435.00000000000000        1.2012500315904616E-020
         106   440.00000000000000        1.1125000119209289E-020
         107   445.00000000000000        1.0349999740719793E-020
         108   450.00000000000000        9.3174999952316279E-021
         109   455.00000000000000        8.3462499082088472E-021
         110   460.00000000000000        7.4299997836351387E-021
         111   465.00000000000000        6.5262500196695336E-021
         112   470.00000000000000        5.6362498924136156E-021
         113   475.00000000000000        4.6524999290704714E-021
         114   480.00000000000000        3.8449998944997788E-021
         115   485.00000000000000        2.8537500277161596E-021
         116   490.00000000000000        2.4337500147521494E-021
         117   495.00000000000000        2.0775000192224978E-021
         118   500.00000000000000        7.7442502208054750E-022
  
 photo_rate_demo: quantum yield values for photorate            1
          58   261.44897460937500       0.11771684855468809     
          59   264.91247558593750       0.15052955173898297     
          60   268.46850585937500       0.16223823975438961     
          61   272.12149047851562       0.18749281779278620     
          62   275.87548828125000       0.22387917231419308     
          63   279.73400878906250       0.25629384217742518     
          64   283.70199584960938       0.24612971901214734     
          65   287.78448486328125       0.22784764858536941     
          66   291.98651123046875       0.20470358094208080     
          67   296.30902099609375       0.17728365213711081     
          68   300.50000000000000       0.15302089521667320     
          69   303.00000000000000       0.13788688677940372     
          70   304.00000000000000       0.13198833916547328     
          71   305.00000000000000       0.12600135783011848     
          72   306.00000000000000       0.11879129911449735     
          73   307.00000000000000       0.11158588608246818     
          74   308.00000000000000       0.10461006824121362     
          75   309.00000000000000        9.7853043862277403E-002
          76   310.00000000000000        9.0902113503064388E-002
          77   311.00000000000000        8.1852703725896689E-002
          78   312.00000000000000        7.2819166355143322E-002
          79   313.00000000000000        6.4176881738303382E-002
          80   314.00000000000000        5.5900970256546417E-002
          81   316.00000000000000        4.3623359501250687E-002
          82   320.00000000000000        2.6966164760655029E-002
          83   325.00000000000000        1.0801121825829872E-002
          84   330.00000000000000        1.2346546203219316E-003
  
 photo_rate_demo: quantum yield values for photorate            2
          58   261.44897460937500       0.40329922673091623     
          59   264.91247558593750       0.38631264274567911     
          60   268.46850585937500       0.33286137098581020     
          61   272.12149047851562       0.25484124959504018     
          62   275.87548828125000       0.15723690938010010     
          63   279.73400878906250        6.4946777595995278E-002
          64   283.70199584960938        3.5192016988054318E-002
          65   287.78448486328125        1.8861999502789217E-002
          66   291.98651123046875        6.0319086295814381E-003
          67   296.30902099609375        1.7752299829764615E-004
  
 photo_rate_demo: quantum yield values for photorate            3
           1   120.69999694824219        1.0000000000000000     
           2   121.65000152587891        1.0000000000000000     
           3   122.10000610351562        1.0000000000000000     
           4   122.69999694824219        1.0000000000000000     
           5   123.44999694824219        1.0000000000000000     
           6   124.19999694824219        1.0000000000000000     
           7   125.00000000000000        1.0000000000000000     
           8   125.80000305175781        1.0000000000000000     
           9   126.59999847412109        1.0000000000000000     
          10   127.80000305175781        1.0000000000000000     
          11   129.00000000000000        1.0000000000000000     
          12   129.85000610351562        1.0000000000000000     
          13   131.14999389648438        1.0000000000000000     
          14   133.50000000000000        1.0000000000000000     
          15   136.00000000000000        1.0000000000000000     
          16   141.00000000000000        1.0000000000000000     
          17   150.00000000000000        1.0000000000000000     
          18   160.00000000000000        1.0000000000000000     
          19   167.50000000000000        1.0000000000000000     
          20   172.19999694824219        1.0000000000000000     
          21   175.69999694824219        1.0000000000000000     
          22   177.80000305175781        1.0000000000000000     
          23   179.39999389648438        1.0000000000000000     
          24   181.00000000000000        1.0000000000000000     
          25   182.64999389648438        1.0000000000000000     
          26   184.35000610351562        1.0000000000000000     
          27   186.04998779296875        1.0000000000000000     
          28   187.79998779296875        1.0000000000000000     
          29   189.60000610351562        1.0000000000000000     
          30   191.39999389648438        1.0000000000000000     
          31   193.25000000000000        1.0000000000000000     
          32   195.14999389648438        1.0000000000000000     
          33   197.05000305175781        1.0000000000000000     
          34   199.00000000000000        1.0000000000000000     
          35   201.00000000000000        1.0000000000000000     
          36   203.05000305175781        1.0000000000000000     
          37   204.95001220703125        1.0000000000000000     
          38   207.06649780273438        1.0000000000000000     
          39   209.42950439453125        1.0000000000000000     
          40   211.64599609375000        1.0000000000000000     
          41   213.91000366210938        1.0000000000000000     
          42   216.22250366210938        1.0000000000000000     
          43   218.58551025390625        1.0000000000000000     
          44   221.00100708007812        1.0000000000000000     
          45   223.47048950195312        1.0000000000000000     
          46   225.99600219726562        1.0000000000000000     
          47   228.57899475097656        1.0000000000000000     
          48   231.22149658203125        1.0000000000000000     
          49   233.92599487304688        1.0000000000000000     
          50   236.69450378417969        1.0000000000000000     
          51   239.52951049804688        1.0000000000000000     
          52   242.43299865722656        1.0000000000000000     
          53   245.40798950195312        1.0000000000000000     
          54   248.45700073242188        1.0000000000000000     
          55   251.58248901367188        1.0000000000000000     
          56   254.78750610351562        1.0000000000000000     
          57   258.07501220703125        1.0000000000000000     
          58   261.44897460937500        1.0000000000000000     
          59   264.91247558593750        1.0000000000000000     
          60   268.46850585937500        1.0000000000000000     
          61   272.12149047851562        1.0000000000000000     
          62   275.87548828125000        1.0000000000000000     
          63   279.73400878906250        1.0000000000000000     
          64   283.70199584960938        1.0000000000000000     
          65   287.78448486328125        1.0000000000000000     
          66   291.98651123046875        1.0000000000000000     
          67   296.30902099609375        1.0000000000000000     
          68   300.50000000000000        1.0000000000000000     
          69   303.00000000000000        1.0000000000000000     
          70   304.00000000000000        1.0000000000000000     
          71   305.00000000000000        1.0000000000000000     
          72   306.00000000000000        1.0000000000000000     
          73   307.00000000000000        1.0000000000000000     
          74   308.00000000000000        1.0000000000000000     
          75   309.00000000000000        1.0000000000000000     
          76   310.00000000000000        1.0000000000000000     
          77   311.00000000000000        1.0000000000000000     
          78   312.00000000000000        1.0000000000000000     
          79   313.00000000000000        1.0000000000000000     
          80   314.00000000000000        1.0000000000000000     
          81   316.00000000000000        1.0000000000000000     
          82   320.00000000000000        1.0000000000000000     
          83   325.00000000000000        1.0000000000000000     
          84   330.00000000000000        1.0000000000000000     
          85   335.00000000000000        1.0000000000000000     
          86   340.00000000000000        1.0000000000000000     
          87   345.00000000000000        1.0000000000000000     
          88   350.00000000000000        1.0000000000000000     
          89   355.00000000000000        1.0000000000000000     
          90   360.00000000000000        1.0000000000000000     
          91   365.00000000000000        1.0000000000000000     
          92   370.00000000000000        1.0000000000000000     
          93   375.00000000000000        1.0000000000000000     
          94   380.00000000000000        1.0000000000000000     
          95   385.00000000000000        1.0000000000000000     
          96   390.00000000000000        1.0000000000000000     
          97   395.00000000000000        1.0000000000000000     
          98   400.00000000000000        1.0000000000000000     
          99   405.00000000000000        1.0000000000000000     
         100   410.00000000000000        1.0000000000000000     
         101   415.00000000000000        1.0000000000000000     
         102   420.00000000000000        1.0000000000000000     
         103   425.00000000000000        1.0000000000000000     
         104   430.00000000000000        1.0000000000000000     
         105   435.00000000000000        1.0000000000000000     
         106   440.00000000000000        1.0000000000000000     
         107   445.00000000000000        1.0000000000000000     
         108   450.00000000000000        1.0000000000000000     
         109   455.00000000000000        1.0000000000000000     
         110   460.00000000000000        1.0000000000000000     
         111   465.00000000000000        1.0000000000000000     
         112   470.00000000000000        1.0000000000000000     
         113   475.00000000000000        1.0000000000000000     
         114   480.00000000000000        1.0000000000000000     
         115   485.00000000000000        1.0000000000000000     
         116   490.00000000000000        1.0000000000000000     
         117   495.00000000000000        1.0000000000000000     
         118   500.00000000000000        1.0000000000000000     
         119   505.00000000000000        1.0000000000000000     
         120   510.00000000000000        1.0000000000000000     
         121   515.00000000000000        1.0000000000000000     
         122   520.00000000000000        1.0000000000000000     
         123   525.00000000000000        1.0000000000000000     
         124   530.00000000000000        1.0000000000000000     
         125   535.00000000000000        1.0000000000000000     
         126   540.00000000000000        1.0000000000000000     
         127   545.00000000000000        1.0000000000000000     
         128   550.00000000000000        1.0000000000000000     
         129   555.00000000000000        1.0000000000000000     
         130   560.00000000000000        1.0000000000000000     
         131   565.00000000000000        1.0000000000000000     
         132   570.00000000000000        1.0000000000000000     
         133   575.00000000000000        1.0000000000000000     
         134   580.00000000000000        1.0000000000000000     
         135   585.00000000000000        1.0000000000000000     
         136   590.00000000000000        1.0000000000000000     
         137   595.00000000000000        1.0000000000000000     
         138   600.00000000000000        1.0000000000000000     
         139   605.00000000000000        1.0000000000000000     
         140   610.00000000000000        1.0000000000000000     
         141   615.00000000000000        1.0000000000000000     
         142   620.00000000000000        1.0000000000000000     
         143   625.00000000000000        1.0000000000000000     
         144   630.00000000000000        1.0000000000000000     
         145   635.00000000000000        1.0000000000000000     
         146   640.00000000000000        1.0000000000000000     
         147   644.79998779296875        1.0000000000000000     
         148   651.04998779296875        1.0000000000000000     
         149   660.00000000000000        1.0000000000000000     
         150   670.00000000000000        1.0000000000000000     
         151   680.00000000000000        1.0000000000000000     
         152   690.00000000000000        1.0000000000000000     
         153   700.00000000000000        1.0000000000000000     
         154   710.00000000000000        1.0000000000000000     
         155   720.00000000000000        1.0000000000000000     
         156   730.00000000000000        1.0000000000000000     
  
 photo_rate_demo: quantum yield values for photorate            4
           1   120.69999694824219       0.14999999999999999     
           2   121.65000152587891       0.14999999999999999     
           3   122.10000610351562       0.14999999999999999     
           4   122.69999694824219       0.14999999999999999     
           5   123.44999694824219       0.14999999999999999     
           6   124.19999694824219       0.14999999999999999     
           7   125.00000000000000       0.14999999999999999     
           8   125.80000305175781       0.14999999999999999     
           9   126.59999847412109       0.14999999999999999     
          10   127.80000305175781       0.14999999999999999     
          11   129.00000000000000       0.14999999999999999     
          12   129.85000610351562       0.14999999999999999     
          13   131.14999389648438       0.14999999999999999     
          14   133.50000000000000       0.14999999999999999     
          15   136.00000000000000       0.14999999999999999     
          16   141.00000000000000       0.14999999999999999     
          17   150.00000000000000       0.14999999999999999     
          18   160.00000000000000       0.14999999999999999     
          19   167.50000000000000       0.14999999999999999     
          20   172.19999694824219       0.14999999999999999     
          21   175.69999694824219       0.14999999999999999     
          22   177.80000305175781       0.14999999999999999     
          23   179.39999389648438       0.14999999999999999     
          24   181.00000000000000       0.14999999999999999     
          25   182.64999389648438       0.14999999999999999     
          26   184.35000610351562       0.14999999999999999     
          27   186.04998779296875       0.14999999999999999     
          28   187.79998779296875       0.14999999999999999     
          29   189.60000610351562       0.14999999999999999     
          30   191.39999389648438       0.14999999999999999     
          31   193.25000000000000       0.14999999999999999     
          32   195.14999389648438       0.14999999999999999     
          33   197.05000305175781       0.14999999999999999     
          34   199.00000000000000       0.14999999999999999     
          35   201.00000000000000       0.14999999999999999     
          36   203.05000305175781       0.14999999999999999     
          37   204.95001220703125       0.14999999999999999     
          38   207.06649780273438       0.14999999999999999     
          39   209.42950439453125       0.14999999999999999     
          40   211.64599609375000       0.14999999999999999     
          41   213.91000366210938       0.14999999999999999     
          42   216.22250366210938       0.14999999999999999     
          43   218.58551025390625       0.14999999999999999     
          44   221.00100708007812       0.14999999999999999     
          45   223.47048950195312       0.14999999999999999     
          46   225.99600219726562       0.14999999999999999     
          47   228.57899475097656       0.14999999999999999     
          48   231.22149658203125       0.14999999999999999     
          49   233.92599487304688       0.14999999999999999     
          50   236.69450378417969       0.14999999999999999     
          51   239.52951049804688       0.14999999999999999     
          52   242.43299865722656       0.14999999999999999     
          53   245.40798950195312       0.14999999999999999     
          54   248.45700073242188       0.14999999999999999     
          55   251.58248901367188       0.14999999999999999     
          56   254.78750610351562       0.14999999999999999     
          57   258.07501220703125       0.14999999999999999     
          58   261.44897460937500       0.14999999999999999     
          59   264.91247558593750       0.14999999999999999     
          60   268.46850585937500       0.14999999999999999     
          61   272.12149047851562       0.14999999999999999     
          62   275.87548828125000       0.14999999999999999     
          63   279.73400878906250       0.14999999999999999     
          64   283.70199584960938       0.14999999999999999     
          65   287.78448486328125       0.14999999999999999     
          66   291.98651123046875       0.14999999999999999     
          67   296.30902099609375       0.14999999999999999     
          68   300.50000000000000       0.14999999999999999     
          69   303.00000000000000       0.14999999999999999     
          70   304.00000000000000       0.14999999999999999     
          71   305.00000000000000       0.14999999999999999     
          72   306.00000000000000       0.14999999999999999     
          73   307.00000000000000       0.14999999999999999     
          74   308.00000000000000       0.14999999999999999     
          75   309.00000000000000       0.14999999999999999     
          76   310.00000000000000       0.14999999999999999     
          77   311.00000000000000       0.14999999999999999     
          78   312.00000000000000       0.14999999999999999     
          79   313.00000000000000       0.14999999999999999     
          80   314.00000000000000       0.14999999999999999     
          81   316.00000000000000       0.14999999999999999     
          82   320.00000000000000       0.14999999999999999     
          83   325.00000000000000       0.14999999999999999     
          84   330.00000000000000       0.14999999999999999     
          85   335.00000000000000       0.14999999999999999     
          86   340.00000000000000       0.14999999999999999     
          87   345.00000000000000       0.14999999999999999     
          88   350.00000000000000       0.14999999999999999     
          89   355.00000000000000       0.14999999999999999     
          90   360.00000000000000       0.14999999999999999     
          91   365.00000000000000       0.14999999999999999     
          92   370.00000000000000       0.14999999999999999     
          93   375.00000000000000       0.14999999999999999     
          94   380.00000000000000       0.14999999999999999     
          95   385.00000000000000       0.14999999999999999     
          96   390.00000000000000       0.14999999999999999     
          97   395.00000000000000       0.14999999999999999     
          98   400.00000000000000       0.14999999999999999     
          99   405.00000000000000       0.14999999999999999     
         100   410.00000000000000       0.14999999999999999     
         101   415.00000000000000       0.14999999999999999     
         102   420.00000000000000       0.14999999999999999     
         103   425.00000000000000       0.14999999999999999     
         104   430.00000000000000       0.14999999999999999     
         105   435.00000000000000       0.14999999999999999     
         106   440.00000000000000       0.14999999999999999     
         107   445.00000000000000       0.14999999999999999     
         108   450.00000000000000       0.14999999999999999     
         109   455.00000000000000       0.14999999999999999     
         110   460.00000000000000       0.14999999999999999     
         111   465.00000000000000       0.14999999999999999     
         112   470.00000000000000       0.14999999999999999     
         113   475.00000000000000       0.14999999999999999     
         114   480.00000000000000       0.14999999999999999     
         115   485.00000000000000       0.14999999999999999     
         116   490.00000000000000       0.14999999999999999     
         117   495.00000000000000       0.14999999999999999     
         118   500.00000000000000       0.14999999999999999     
         119   505.00000000000000       0.14999999999999999     
         120   510.00000000000000       0.14999999999999999     
         121   515.00000000000000       0.14999999999999999     
         122   520.00000000000000       0.14999999999999999     
         123   525.00000000000000       0.14999999999999999     
         124   530.00000000000000       0.14999999999999999     
         125   535.00000000000000       0.14999999999999999     
         126   540.00000000000000       0.14999999999999999     
         127   545.00000000000000       0.14999999999999999     
         128   550.00000000000000       0.14999999999999999     
         129   555.00000000000000       0.14999999999999999     
         130   560.00000000000000       0.14999999999999999     
         131   565.00000000000000       0.14999999999999999     
         132   570.00000000000000       0.14999999999999999     
         133   575.00000000000000       0.14999999999999999     
         134   580.00000000000000       0.14999999999999999     
         135   585.00000000000000       0.14999999999999999     
         136   590.00000000000000       0.14999999999999999     
         137   595.00000000000000       0.14999999999999999     
         138   600.00000000000000       0.14999999999999999     
         139   605.00000000000000       0.14999999999999999     
         140   610.00000000000000       0.14999999999999999     
         141   615.00000000000000       0.14999999999999999     
         142   620.00000000000000       0.14999999999999999     
         143   625.00000000000000       0.14999999999999999     
         144   630.00000000000000       0.14999999999999999     
         145   635.00000000000000       0.14999999999999999     
         146   640.00000000000000       0.14999999999999999     
         147   644.79998779296875       0.14999999999999999     
         148   651.04998779296875       0.14999999999999999     
         149   660.00000000000000       0.14999999999999999     
         150   670.00000000000000       0.14999999999999999     
         151   680.00000000000000       0.14999999999999999     
         152   690.00000000000000       0.14999999999999999     
         153   700.00000000000000       0.14999999999999999     
         154   710.00000000000000       0.14999999999999999     
         155   720.00000000000000       0.14999999999999999     
         156   730.00000000000000       0.14999999999999999     
  
 photo_rate_demo: quantum yield values for photorate            5
           1   120.69999694824219       0.84999999999999998     
           2   121.65000152587891       0.84999999999999998     
           3   122.10000610351562       0.84999999999999998     
           4   122.69999694824219       0.84999999999999998     
           5   123.44999694824219       0.84999999999999998     
           6   124.19999694824219       0.84999999999999998     
           7   125.00000000000000       0.84999999999999998     
           8   125.80000305175781       0.84999999999999998     
           9   126.59999847412109       0.84999999999999998     
          10   127.80000305175781       0.84999999999999998     
          11   129.00000000000000       0.84999999999999998     
          12   129.85000610351562       0.84999999999999998     
          13   131.14999389648438       0.84999999999999998     
          14   133.50000000000000       0.84999999999999998     
          15   136.00000000000000       0.84999999999999998     
          16   141.00000000000000       0.84999999999999998     
          17   150.00000000000000       0.84999999999999998     
          18   160.00000000000000       0.84999999999999998     
          19   167.50000000000000       0.84999999999999998     
          20   172.19999694824219       0.84999999999999998     
          21   175.69999694824219       0.84999999999999998     
          22   177.80000305175781       0.84999999999999998     
          23   179.39999389648438       0.84999999999999998     
          24   181.00000000000000       0.84999999999999998     
          25   182.64999389648438       0.84999999999999998     
          26   184.35000610351562       0.84999999999999998     
          27   186.04998779296875       0.84999999999999998     
          28   187.79998779296875       0.84999999999999998     
          29   189.60000610351562       0.84999999999999998     
          30   191.39999389648438       0.84999999999999998     
          31   193.25000000000000       0.84999999999999998     
          32   195.14999389648438       0.84999999999999998     
          33   197.05000305175781       0.84999999999999998     
          34   199.00000000000000       0.84999999999999998     
          35   201.00000000000000       0.84999999999999998     
          36   203.05000305175781       0.84999999999999998     
          37   204.95001220703125       0.84999999999999998     
          38   207.06649780273438       0.84999999999999998     
          39   209.42950439453125       0.84999999999999998     
          40   211.64599609375000       0.84999999999999998     
          41   213.91000366210938       0.84999999999999998     
          42   216.22250366210938       0.84999999999999998     
          43   218.58551025390625       0.84999999999999998     
          44   221.00100708007812       0.84999999999999998     
          45   223.47048950195312       0.84999999999999998     
          46   225.99600219726562       0.84999999999999998     
          47   228.57899475097656       0.84999999999999998     
          48   231.22149658203125       0.84999999999999998     
          49   233.92599487304688       0.84999999999999998     
          50   236.69450378417969       0.84999999999999998     
          51   239.52951049804688       0.84999999999999998     
          52   242.43299865722656       0.84999999999999998     
          53   245.40798950195312       0.84999999999999998     
          54   248.45700073242188       0.84999999999999998     
          55   251.58248901367188       0.84999999999999998     
          56   254.78750610351562       0.84999999999999998     
          57   258.07501220703125       0.84999999999999998     
          58   261.44897460937500       0.84999999999999998     
          59   264.91247558593750       0.84999999999999998     
          60   268.46850585937500       0.84999999999999998     
          61   272.12149047851562       0.84999999999999998     
          62   275.87548828125000       0.84999999999999998     
          63   279.73400878906250       0.84999999999999998     
          64   283.70199584960938       0.84999999999999998     
          65   287.78448486328125       0.84999999999999998     
          66   291.98651123046875       0.84999999999999998     
          67   296.30902099609375       0.84999999999999998     
          68   300.50000000000000       0.84999999999999998     
          69   303.00000000000000       0.84999999999999998     
          70   304.00000000000000       0.84999999999999998     
          71   305.00000000000000       0.84999999999999998     
          72   306.00000000000000       0.84999999999999998     
          73   307.00000000000000       0.84999999999999998     
          74   308.00000000000000       0.84999999999999998     
          75   309.00000000000000       0.84999999999999998     
          76   310.00000000000000       0.84999999999999998     
          77   311.00000000000000       0.84999999999999998     
          78   312.00000000000000       0.84999999999999998     
          79   313.00000000000000       0.84999999999999998     
          80   314.00000000000000       0.84999999999999998     
          81   316.00000000000000       0.84999999999999998     
          82   320.00000000000000       0.84999999999999998     
          83   325.00000000000000       0.84999999999999998     
          84   330.00000000000000       0.84999999999999998     
          85   335.00000000000000       0.84999999999999998     
          86   340.00000000000000       0.84999999999999998     
          87   345.00000000000000       0.84999999999999998     
          88   350.00000000000000       0.84999999999999998     
          89   355.00000000000000       0.84999999999999998     
          90   360.00000000000000       0.84999999999999998     
          91   365.00000000000000       0.84999999999999998     
          92   370.00000000000000       0.84999999999999998     
          93   375.00000000000000       0.84999999999999998     
          94   380.00000000000000       0.84999999999999998     
          95   385.00000000000000       0.84999999999999998     
          96   390.00000000000000       0.84999999999999998     
          97   395.00000000000000       0.84999999999999998     
          98   400.00000000000000       0.84999999999999998     
          99   405.00000000000000       0.84999999999999998     
         100   410.00000000000000       0.84999999999999998     
         101   415.00000000000000       0.84999999999999998     
         102   420.00000000000000       0.84999999999999998     
         103   425.00000000000000       0.84999999999999998     
         104   430.00000000000000       0.84999999999999998     
         105   435.00000000000000       0.84999999999999998     
         106   440.00000000000000       0.84999999999999998     
         107   445.00000000000000       0.84999999999999998     
         108   450.00000000000000       0.84999999999999998     
         109   455.00000000000000       0.84999999999999998     
         110   460.00000000000000       0.84999999999999998     
         111   465.00000000000000       0.84999999999999998     
         112   470.00000000000000       0.84999999999999998     
         113   475.00000000000000       0.84999999999999998     
         114   480.00000000000000       0.84999999999999998     
         115   485.00000000000000       0.84999999999999998     
         116   490.00000000000000       0.84999999999999998     
         117   495.00000000000000       0.84999999999999998     
         118   500.00000000000000       0.84999999999999998     
         119   505.00000000000000       0.84999999999999998     
         120   510.00000000000000       0.84999999999999998     
         121   515.00000000000000       0.84999999999999998     
         122   520.00000000000000       0.84999999999999998     
         123   525.00000000000000       0.84999999999999998     
         124   530.00000000000000       0.84999999999999998     
         125   535.00000000000000       0.84999999999999998     
         126   540.00000000000000       0.84999999999999998     
         127   545.00000000000000       0.84999999999999998     
         128   550.00000000000000       0.84999999999999998     
         129   555.00000000000000       0.84999999999999998     
         130   560.00000000000000       0.84999999999999998     
         131   565.00000000000000       0.84999999999999998     
         132   570.00000000000000       0.84999999999999998     
         133   575.00000000000000       0.84999999999999998     
         134   580.00000000000000       0.84999999999999998     
         135   585.00000000000000       0.84999999999999998     
         136   590.00000000000000       0.84999999999999998     
         137   595.00000000000000       0.84999999999999998     
         138   600.00000000000000       0.84999999999999998     
         139   605.00000000000000       0.84999999999999998     
         140   610.00000000000000       0.84999999999999998     
         141   615.00000000000000       0.84999999999999998     
         142   620.00000000000000       0.84999999999999998     
         143   625.00000000000000       0.84999999999999998     
         144   630.00000000000000       0.84999999999999998     
         145   635.00000000000000       0.84999999999999998     
         146   640.00000000000000       0.84999999999999998     
         147   644.79998779296875       0.84999999999999998     
         148   651.04998779296875       0.84999999999999998     
         149   660.00000000000000       0.84999999999999998     
         150   670.00000000000000       0.84999999999999998     
         151   680.00000000000000       0.84999999999999998     
         152   690.00000000000000       0.84999999999999998     
         153   700.00000000000000       0.84999999999999998     
         154   710.00000000000000       0.84999999999999998     
         155   720.00000000000000       0.84999999999999998     
         156   730.00000000000000       0.84999999999999998     
 photo_rate_demo: Photorate constants at the top of the atmosphere (1/s)
   2.1640319732069267E-005   5.9827794807514171E-006   5.6364924358286140E-005   3.8730194427188112E-004   2.1947110175406597E-003
 photo_rate_demo: Done
